<?xml version="1.0" encoding="UTF-8"?>
<!-- Generated by org.testng.reporters.JUnitXMLReporter -->
<testsuite ignored="1" hostname="LAPTOP-OEEM8ORO" failures="0" tests="1" name="Default test" time="1.512" errors="0" timestamp="2021-05-28T17:41:32 IST">
  <testcase classname="com.payrollservice.PayrollServiceTestNG" name="updateExistingRecord_shouldReturn_200statusCode" time="1.475"/>
  <testcase classname="com.payrollservice.PayrollServiceTestNG" name="givenMultipleRecords_shouldReturn_201statusCode" time="0.0">
    <ignored/>
  </testcase> <!-- givenMultipleRecords_shouldReturn_201statusCode -->
</testsuite> <!-- Default test -->
